<?xml version="1.0" encoding="UTF-8"?>
<!-- Generated by org.testng.reporters.JUnitReportReporter -->
<testsuite hostname="craca" failures="0" tests="10" name="Library.WorkbookNameVerify" time="179.419" errors="0" timestamp="2022-06-17T12:24:13 IST" skipped="0">
  <testcase classname="Library.WorkbookNameVerify" name="StudentWorkbookCheck" time="13.912"/>
  <system-out/>
  <testcase classname="Library.WorkbookNameVerify" name="TeacherWorkbookCheck" time="17.288"/>
  <system-out/>
  <testcase classname="Library.WorkbookNameVerify" name="StudentWorkbookCheck" time="17.351"/>
  <system-out/>
  <testcase classname="Library.WorkbookNameVerify" name="TeacherWorkbookCheck" time="16.994"/>
  <system-out/>
  <testcase classname="Library.WorkbookNameVerify" name="TeacherWorkbookCheck" time="26.333"/>
  <system-out/>
  <testcase classname="Library.WorkbookNameVerify" name="StudentWorkbookCheck" time="17.367"/>
  <system-out/>
  <testcase classname="Library.WorkbookNameVerify" name="TeacherWorkbookCheck" time="17.105"/>
  <system-out/>
  <testcase classname="Library.WorkbookNameVerify" name="StudentWorkbookCheck" time="16.598"/>
  <system-out/>
  <testcase classname="Library.WorkbookNameVerify" name="StudentWorkbookCheck" time="17.029"/>
  <system-out/>
  <testcase classname="Library.WorkbookNameVerify" name="TeacherWorkbookCheck" time="19.442"/>
  <system-out/>
</testsuite> <!-- Library.WorkbookNameVerify -->
