<?xml version="1.0" encoding="UTF-8"?>
<!-- Generated by org.testng.reporters.JUnitReportReporter -->
<testsuite hostname="craca" failures="0" tests="10" name="Library.GradeCheck" time="103.792" errors="0" timestamp="2022-06-17T12:24:13 IST" skipped="0">
  <testcase classname="Library.GradeCheck" name="CheckTeacherBookGrade" time="10.129"/>
  <system-out/>
  <testcase classname="Library.GradeCheck" name="CheckTeacherBookGrade" time="9.535"/>
  <system-out/>
  <testcase classname="Library.GradeCheck" name="CheckStudentBookGrade" time="10.757"/>
  <system-out/>
  <testcase classname="Library.GradeCheck" name="CheckStudentBookGrade" time="9.668"/>
  <system-out/>
  <testcase classname="Library.GradeCheck" name="CheckStudentBookGrade" time="11.673"/>
  <system-out/>
  <testcase classname="Library.GradeCheck" name="CheckStudentBookGrade" time="11.169"/>
  <system-out/>
  <testcase classname="Library.GradeCheck" name="CheckTeacherBookGrade" time="11.795"/>
  <system-out/>
  <testcase classname="Library.GradeCheck" name="CheckStudentBookGrade" time="9.446"/>
  <system-out/>
  <testcase classname="Library.GradeCheck" name="CheckTeacherBookGrade" time="10.121"/>
  <system-out/>
  <testcase classname="Library.GradeCheck" name="CheckTeacherBookGrade" time="9.499"/>
  <system-out/>
</testsuite> <!-- Library.GradeCheck -->
