<?xml version="1.0" encoding="UTF-8"?>
<!-- Generated by org.testng.reporters.JUnitReportReporter -->
<testsuite hostname="craca" failures="0" tests="2" name="loginFunctionality.LoginLandingPageCheck" time="21.068" errors="0" timestamp="2022-06-17T12:24:13 IST" skipped="0">
  <testcase classname="loginFunctionality.LoginLandingPageCheck" name="studentLandingPage" time="5.344"/>
  <system-out/>
  <testcase classname="loginFunctionality.LoginLandingPageCheck" name="teacherLandingPage" time="15.724"/>
  <system-out/>
</testsuite> <!-- loginFunctionality.LoginLandingPageCheck -->
