<?xml version="1.0" encoding="UTF-8"?>
<!-- Generated by org.testng.reporters.JUnitReportReporter -->
<testsuite hostname="craca" failures="0" tests="2" name="Library.LibLandingPageCheck" time="25.764" errors="0" timestamp="2022-06-17T12:24:13 IST" skipped="0">
  <testcase classname="Library.LibLandingPageCheck" name="studentLanding" time="12.304"/>
  <system-out/>
  <testcase classname="Library.LibLandingPageCheck" name="teacherLanding" time="13.460"/>
  <system-out/>
</testsuite> <!-- Library.LibLandingPageCheck -->
