<?xml version="1.0" encoding="UTF-8"?>
<!-- Generated by org.testng.reporters.JUnitReportReporter -->
<testsuite hostname="craca" failures="0" tests="5" name="loginFunctionality.UserSignInFunctionality" time="72.705" errors="0" timestamp="2022-07-05T10:18:51 IST" skipped="0">
  <testcase classname="loginFunctionality.UserSignInFunctionality" name="TeacherLoginPageIncorrectPassword" time="11.125"/>
  <system-out/>
  <testcase classname="loginFunctionality.UserSignInFunctionality" name="TeacherLoginPageIncorrectPassword" time="13.402"/>
  <system-out/>
  <testcase classname="loginFunctionality.UserSignInFunctionality" name="TeacherLoginPageIncorrectPassword" time="16.089"/>
  <system-out/>
  <testcase classname="loginFunctionality.UserSignInFunctionality" name="TeacherLoginPageIncorrectPassword" time="15.908"/>
  <system-out/>
  <testcase classname="loginFunctionality.UserSignInFunctionality" name="TeacherLoginPageIncorrectPassword" time="16.181"/>
  <system-out/>
</testsuite> <!-- loginFunctionality.UserSignInFunctionality -->
